TN:
SF:src/modules/customers/services/CreateCustomerService.ts
FN:16,(anonymous_18)
FN:17,CreateCustomerService
FN:22,(anonymous_20)
FNF:3
FNH:3
FNDA:1,(anonymous_18)
FNDA:8,CreateCustomerService
FNDA:8,(anonymous_20)
DA:1,1
DA:3,1
DA:5,1
DA:16,1
DA:19,8
DA:22,8
DA:23,8
DA:25,8
DA:26,1
DA:29,7
DA:34,7
DA:36,1
DA:38,1
LF:13
LH:13
BRDA:23,0,0,8
BRDA:25,1,0,1
BRDA:25,1,1,7
BRF:3
BRH:3
end_of_record
TN:
SF:src/modules/orders/services/CreateOrderService.ts
FN:22,(anonymous_18)
FN:23,CreateProductService
FN:34,(anonymous_20)
FN:42,(anonymous_23)
FN:49,(anonymous_24)
FN:51,(anonymous_25)
FN:61,(anonymous_26)
FN:64,(anonymous_27)
FNF:8
FNH:8
FNDA:1,(anonymous_18)
FNDA:7,CreateProductService
FNDA:7,(anonymous_20)
FNDA:6,(anonymous_23)
FNDA:5,(anonymous_24)
FNDA:5,(anonymous_25)
FNDA:4,(anonymous_26)
FNDA:4,(anonymous_27)
DA:1,1
DA:3,1
DA:22,1
DA:25,7
DA:28,7
DA:31,7
DA:34,7
DA:35,7
DA:37,7
DA:38,1
DA:41,6
DA:42,6
DA:45,6
DA:46,1
DA:49,5
DA:50,5
DA:51,5
DA:54,5
DA:55,1
DA:59,4
DA:61,4
DA:64,4
DA:69,8
DA:71,4
DA:73,1
DA:75,1
LF:26
LH:26
BRDA:35,0,0,7
BRDA:37,1,0,1
BRDA:37,1,1,6
BRDA:45,2,0,1
BRDA:45,2,1,5
BRDA:52,3,0,0
BRDA:52,3,1,5
BRDA:50,4,0,5
BRDA:50,4,1,5
BRDA:54,5,0,1
BRDA:54,5,1,4
BRDA:54,6,0,5
BRDA:54,6,1,0
BRDA:64,7,0,4
BRDA:64,7,1,0
BRDA:64,8,0,0
BRDA:64,8,1,4
BRDA:64,9,0,4
BRDA:64,9,1,4
BRF:19
BRH:15
end_of_record
TN:
SF:src/modules/orders/services/FindOrderService.ts
FN:13,(anonymous_17)
FN:14,FindOrderService
FN:25,(anonymous_19)
FNF:3
FNH:3
FNDA:1,(anonymous_17)
FNDA:1,FindOrderService
FNDA:1,(anonymous_19)
DA:1,1
DA:13,1
DA:16,1
DA:19,1
DA:22,1
DA:25,1
DA:26,1
DA:27,1
DA:29,1
DA:31,1
LF:10
LH:10
BRDA:26,0,0,1
BRF:1
BRH:1
end_of_record
TN:
SF:src/modules/products/services/CreateProductService.ts
FN:16,(anonymous_18)
FN:17,CreateProductService
FN:22,(anonymous_20)
FNF:3
FNH:3
FNDA:1,(anonymous_18)
FNDA:7,CreateProductService
FNDA:7,(anonymous_20)
DA:1,1
DA:2,1
DA:4,1
DA:16,1
DA:19,7
DA:22,7
DA:23,7
DA:25,7
DA:26,1
DA:29,6
DA:35,6
DA:37,1
DA:39,1
LF:13
LH:13
BRDA:23,0,0,7
BRDA:25,1,0,1
BRDA:25,1,1,6
BRF:3
BRH:3
end_of_record
